--------------------------------------------------------------------------------
Release 13.4 Trace  (nt)
Copyright (c) 1995-2011 Xilinx, Inc.  All rights reserved.

C:\Xilinx\13.4\ISE_DS\ISE\bin\nt\unwrapped\trce.exe -intstyle ise -v 3 -s 5 -n
3 -fastpaths -xml sumaresta.twx sumaresta.ncd -o sumaresta.twr sumaresta.pcf
-ucf pines.ucf

Design file:              sumaresta.ncd
Physical constraint file: sumaresta.pcf
Device,package,speed:     xc3s100e,cp132,-5 (PRODUCTION 1.27 2012-01-07)
Report level:             verbose report

Environment Variable      Effect 
--------------------      ------ 
NONE                      No environment variables were set
--------------------------------------------------------------------------------

INFO:Timing:2698 - No timing constraints found, doing default enumeration.
INFO:Timing:3412 - To improve timing, see the Timing Closure User Guide (UG612).
INFO:Timing:2752 - To get complete path coverage, use the unconstrained paths 
   option. All paths that are not constrained will be reported in the 
   unconstrained paths section(s) of the report.
INFO:Timing:3339 - The clock-to-out numbers in this timing report are based on 
   a 50 Ohm transmission line loading model.  For the details of this model, 
   and for more information on accounting for different loading conditions, 
   please see the device datasheet.
INFO:Timing:3390 - This architecture does not support a default System Jitter 
   value, please add SYSTEM_JITTER constraint to the UCF to modify the Clock 
   Uncertainty calculation.
INFO:Timing:3389 - This architecture does not support 'Discrete Jitter' and 
   'Phase Error' calculations, these terms will be zero in the Clock 
   Uncertainty calculation.  Please make appropriate modification to 
   SYSTEM_JITTER to account for the unsupported Discrete Jitter and Phase 
   Error.



Data Sheet report:
-----------------
All values displayed in nanoseconds (ns)

Pad to Pad
---------------+---------------+---------+
Source Pad     |Destination Pad|  Delay  |
---------------+---------------+---------+
a<0>           |des            |   10.003|
a<0>           |salida<0>      |    6.898|
a<0>           |salida<1>      |    8.781|
a<0>           |salida<2>      |    9.613|
a<0>           |salida<3>      |   10.721|
a<1>           |des            |    8.986|
a<1>           |salida<1>      |    7.703|
a<1>           |salida<2>      |    8.596|
a<1>           |salida<3>      |    9.704|
a<2>           |des            |    8.320|
a<2>           |salida<2>      |    7.510|
a<2>           |salida<3>      |    9.038|
a<3>           |des            |    7.183|
a<3>           |salida<3>      |    7.267|
b<0>           |des            |    9.901|
b<0>           |salida<0>      |    7.271|
b<0>           |salida<1>      |    8.679|
b<0>           |salida<2>      |    9.511|
b<0>           |salida<3>      |   10.619|
b<1>           |des            |    8.953|
b<1>           |salida<1>      |    7.835|
b<1>           |salida<2>      |    8.563|
b<1>           |salida<3>      |    9.671|
b<2>           |des            |    6.763|
b<2>           |salida<2>      |    7.183|
b<2>           |salida<3>      |    7.481|
b<3>           |des            |    7.911|
b<3>           |salida<3>      |    7.939|
opera          |des            |   10.616|
opera          |salida<1>      |    9.394|
opera          |salida<2>      |   10.226|
opera          |salida<3>      |   11.334|
---------------+---------------+---------+


Analysis completed Tue Mar 10 13:13:43 2020 
--------------------------------------------------------------------------------

Trace Settings:
-------------------------
Trace Settings 

Peak Memory Usage: 124 MB



