Running: C:\Xilinx\13.4\ISE_DS\ISE\bin\nt\unwrapped\fuse.exe -intstyle ise -incremental -o F:/BloquesAritmeticos/sumadorGenerate/Tes_isim_beh.exe -prj F:/BloquesAritmeticos/sumadorGenerate/Tes_beh.prj work.Tes 
ISim O.87xd (signature 0x2f00eba5)
Number of CPUs detected in this system: 3
Turning on mult-threading, number of parallel sub-compilation jobs: 6 
Determining compilation order of HDL files
Parsing VHDL file "F:/BloquesAritmeticos/sumadorGenerate/sumamedia.vhd" into library work
Parsing VHDL file "F:/BloquesAritmeticos/sumadorGenerate/sumadorn.vhd" into library work
Parsing VHDL file "F:/BloquesAritmeticos/sumadorGenerate/Tes.vhd" into library work
Starting static elaboration
Completed static elaboration
Fuse Memory Usage: 116744 KB
Fuse CPU Usage: 218 ms
Compiling package standard
Compiling package std_logic_1164
Compiling architecture behavioral of entity SumaMedia [sumamedia_default]
Compiling architecture behavioral of entity SumadorN [sumadorn_default]
Compiling architecture behavior of entity tes
Time Resolution for simulation is 1ps.
Waiting for 1 sub-compilation(s) to finish...
Compiled 7 VHDL Units
Built simulation executable F:/BloquesAritmeticos/sumadorGenerate/Tes_isim_beh.exe
Fuse Memory Usage: 125688 KB
Fuse CPU Usage: 233 ms
