--------------------------------------------------------------------------------
Release 13.4 Trace  (nt)
Copyright (c) 1995-2011 Xilinx, Inc.  All rights reserved.

C:\Xilinx\13.4\ISE_DS\ISE\bin\nt\unwrapped\trce.exe -intstyle ise -v 3 -s 4 -n
3 -fastpaths -xml SumadorN.twx SumadorN.ncd -o SumadorN.twr SumadorN.pcf -ucf
pines.ucf

Design file:              SumadorN.ncd
Physical constraint file: SumadorN.pcf
Device,package,speed:     xc3s100e,cp132,-4 (PRODUCTION 1.27 2012-01-07)
Report level:             verbose report

Environment Variable      Effect 
--------------------      ------ 
NONE                      No environment variables were set
--------------------------------------------------------------------------------

INFO:Timing:2698 - No timing constraints found, doing default enumeration.
INFO:Timing:3412 - To improve timing, see the Timing Closure User Guide (UG612).
INFO:Timing:2752 - To get complete path coverage, use the unconstrained paths 
   option. All paths that are not constrained will be reported in the 
   unconstrained paths section(s) of the report.
INFO:Timing:3339 - The clock-to-out numbers in this timing report are based on 
   a 50 Ohm transmission line loading model.  For the details of this model, 
   and for more information on accounting for different loading conditions, 
   please see the device datasheet.
INFO:Timing:3390 - This architecture does not support a default System Jitter 
   value, please add SYSTEM_JITTER constraint to the UCF to modify the Clock 
   Uncertainty calculation.
INFO:Timing:3389 - This architecture does not support 'Discrete Jitter' and 
   'Phase Error' calculations, these terms will be zero in the Clock 
   Uncertainty calculation.  Please make appropriate modification to 
   SYSTEM_JITTER to account for the unsupported Discrete Jitter and Phase 
   Error.



Data Sheet report:
-----------------
All values displayed in nanoseconds (ns)

Pad to Pad
---------------+---------------+---------+
Source Pad     |Destination Pad|  Delay  |
---------------+---------------+---------+
a<0>           |suma<0>        |    7.671|
a<0>           |suma<1>        |    9.494|
a<0>           |suma<2>        |   10.412|
a<0>           |suma<3>        |   11.495|
a<0>           |suma<4>        |   11.138|
a<1>           |suma<1>        |    9.068|
a<1>           |suma<2>        |    9.866|
a<1>           |suma<3>        |   10.949|
a<1>           |suma<4>        |   10.592|
a<2>           |suma<2>        |    7.333|
a<2>           |suma<3>        |    8.361|
a<2>           |suma<4>        |    8.004|
a<3>           |suma<3>        |    8.141|
a<3>           |suma<4>        |    8.613|
b<0>           |suma<0>        |    7.472|
b<0>           |suma<1>        |    9.123|
b<0>           |suma<2>        |   10.041|
b<0>           |suma<3>        |   11.124|
b<0>           |suma<4>        |   10.767|
b<1>           |suma<1>        |    8.475|
b<1>           |suma<2>        |    9.462|
b<1>           |suma<3>        |   10.545|
b<1>           |suma<4>        |   10.188|
b<2>           |suma<2>        |    7.457|
b<2>           |suma<3>        |    8.376|
b<2>           |suma<4>        |    8.019|
b<3>           |suma<3>        |    7.987|
b<3>           |suma<4>        |    8.276|
cin            |suma<0>        |    8.435|
cin            |suma<1>        |    9.954|
cin            |suma<2>        |   10.872|
cin            |suma<3>        |   11.955|
cin            |suma<4>        |   11.598|
---------------+---------------+---------+


Analysis completed Tue Feb 04 10:25:52 2020 
--------------------------------------------------------------------------------

Trace Settings:
-------------------------
Trace Settings 

Peak Memory Usage: 119 MB



