Release 13.4 - xst O.87xd (nt)
Copyright (c) 1995-2011 Xilinx, Inc.  All rights reserved.
--> Parameter TMPDIR set to xst/projnav.tmp


Total REAL time to Xst completion: 0.00 secs
Total CPU time to Xst completion: 0.16 secs
 
--> Parameter xsthdpdir set to xst


Total REAL time to Xst completion: 0.00 secs
Total CPU time to Xst completion: 0.16 secs
 
--> Reading design: Modulo_BinBcd.prj

TABLE OF CONTENTS
  1) Synthesis Options Summary
  2) HDL Compilation
  3) Design Hierarchy Analysis
  4) HDL Analysis
  5) HDL Synthesis
     5.1) HDL Synthesis Report
  6) Advanced HDL Synthesis
     6.1) Advanced HDL Synthesis Report
  7) Low Level Synthesis
  8) Partition Report
  9) Final Report
	9.1) Device utilization summary
	9.2) Partition Resource Summary
	9.3) TIMING REPORT


=========================================================================
*                      Synthesis Options Summary                        *
=========================================================================
---- Source Parameters
Input File Name                    : "Modulo_BinBcd.prj"
Input Format                       : mixed
Ignore Synthesis Constraint File   : NO

---- Target Parameters
Output File Name                   : "Modulo_BinBcd"
Output Format                      : NGC
Target Device                      : xc3s100e-4-cp132

---- Source Options
Top Module Name                    : Modulo_BinBcd
Automatic FSM Extraction           : YES
FSM Encoding Algorithm             : Auto
Safe Implementation                : No
FSM Style                          : LUT
RAM Extraction                     : Yes
RAM Style                          : Auto
ROM Extraction                     : Yes
Mux Style                          : Auto
Decoder Extraction                 : YES
Priority Encoder Extraction        : Yes
Shift Register Extraction          : YES
Logical Shifter Extraction         : YES
XOR Collapsing                     : YES
ROM Style                          : Auto
Mux Extraction                     : Yes
Resource Sharing                   : YES
Asynchronous To Synchronous        : NO
Multiplier Style                   : Auto
Automatic Register Balancing       : No

---- Target Options
Add IO Buffers                     : YES
Global Maximum Fanout              : 100000
Add Generic Clock Buffer(BUFG)     : 24
Register Duplication               : YES
Slice Packing                      : YES
Optimize Instantiated Primitives   : NO
Use Clock Enable                   : Yes
Use Synchronous Set                : Yes
Use Synchronous Reset              : Yes
Pack IO Registers into IOBs        : Auto
Equivalent register Removal        : YES

---- General Options
Optimization Goal                  : Speed
Optimization Effort                : 1
Keep Hierarchy                     : No
Netlist Hierarchy                  : As_Optimized
RTL Output                         : Yes
Global Optimization                : AllClockNets
Read Cores                         : YES
Write Timing Constraints           : NO
Cross Clock Analysis               : NO
Hierarchy Separator                : /
Bus Delimiter                      : <>
Case Specifier                     : Maintain
Slice Utilization Ratio            : 100
BRAM Utilization Ratio             : 100
Verilog 2001                       : YES
Auto BRAM Packing                  : NO
Slice Utilization Ratio Delta      : 5

=========================================================================


=========================================================================
*                          HDL Compilation                              *
=========================================================================
Compiling vhdl file "//vboxsrv/(00)codigos_vhdl_basys2/BloquesCombinacionales/Bin_bcd/Modulo_BinBcd.vhd" in Library work.
Entity <modulo_binbcd> compiled.
Entity <modulo_binbcd> (Architecture <behavioral>) compiled.

=========================================================================
*                     Design Hierarchy Analysis                         *
=========================================================================
Analyzing hierarchy for entity <Modulo_BinBcd> in library <work> (architecture <behavioral>).


=========================================================================
*                            HDL Analysis                               *
=========================================================================
Analyzing Entity <Modulo_BinBcd> in library <work> (Architecture <behavioral>).
Entity <Modulo_BinBcd> analyzed. Unit <Modulo_BinBcd> generated.


=========================================================================
*                           HDL Synthesis                               *
=========================================================================

Performing bidirectional port resolution...

Synthesizing Unit <Modulo_BinBcd>.
    Related source file is "//vboxsrv/(00)codigos_vhdl_basys2/BloquesCombinacionales/Bin_bcd/Modulo_BinBcd.vhd".
    Found 5-bit comparator greater for signal <z_11$cmp_gt0000> created at line 24.
    Found 5-bit comparator greater for signal <z_11$cmp_gt0001> created at line 24.
    Found 5-bit comparator greater for signal <z_11$cmp_gt0002> created at line 24.
    Found 5-bit comparator greater for signal <z_11$cmp_gt0003> created at line 24.
    Found 5-bit comparator greater for signal <z_11$cmp_gt0004> created at line 24.
    Found 4-bit adder for signal <z_11_8$add0000> created at line 25.
    Found 4-bit adder for signal <z_11_8$add0001> created at line 25.
    Found 4-bit adder for signal <z_11_8$add0002> created at line 25.
    Found 4-bit adder for signal <z_11_8$add0003> created at line 25.
    Found 4-bit adder for signal <z_11_8$add0004> created at line 25.
    Found 5-bit comparator greater for signal <z_15$cmp_gt0000> created at line 27.
    Found 5-bit comparator greater for signal <z_15$cmp_gt0001> created at line 27.
    Found 4-bit adder for signal <z_15_12$add0000> created at line 28.
    Found 4-bit adder for signal <z_15_12$add0001> created at line 28.
    Summary:
	inferred   7 Adder/Subtractor(s).
	inferred   7 Comparator(s).
Unit <Modulo_BinBcd> synthesized.


=========================================================================
HDL Synthesis Report

Macro Statistics
# Adders/Subtractors                                   : 7
 4-bit adder                                           : 7
# Comparators                                          : 7
 5-bit comparator greater                              : 7

=========================================================================

=========================================================================
*                       Advanced HDL Synthesis                          *
=========================================================================


=========================================================================
Advanced HDL Synthesis Report

Macro Statistics
# Adders/Subtractors                                   : 7
 4-bit adder                                           : 7
# Comparators                                          : 7
 5-bit comparator greater                              : 7

=========================================================================

=========================================================================
*                         Low Level Synthesis                           *
=========================================================================

Optimizing unit <Modulo_BinBcd> ...

Mapping all equations...
Building and optimizing final netlist ...
Found area constraint ratio of 100 (+ 5) on block Modulo_BinBcd, actual ratio is 1.

Final Macro Processing ...

=========================================================================
Final Register Report

Found no macro
=========================================================================

=========================================================================
*                           Partition Report                            *
=========================================================================

Partition Implementation Status
-------------------------------

  No Partitions were found in this design.

-------------------------------

=========================================================================
*                            Final Report                               *
=========================================================================
Final Results
RTL Top Level Output File Name     : Modulo_BinBcd.ngr
Top Level Output File Name         : Modulo_BinBcd
Output Format                      : NGC
Optimization Goal                  : Speed
Keep Hierarchy                     : No

Design Statistics
# IOs                              : 18

Cell Usage :
# BELS                             : 30
#      LUT2                        : 2
#      LUT3                        : 3
#      LUT4                        : 23
#      MUXF5                       : 2
# IO Buffers                       : 18
#      IBUF                        : 8
#      OBUF                        : 10
=========================================================================

Device utilization summary:
---------------------------

Selected Device : 3s100ecp132-4 

 Number of Slices:                       16  out of    960     1%  
 Number of 4 input LUTs:                 28  out of   1920     1%  
 Number of IOs:                          18
 Number of bonded IOBs:                  18  out of     83    21%  

---------------------------
Partition Resource Summary:
---------------------------

  No Partitions were found in this design.

---------------------------


=========================================================================
TIMING REPORT

NOTE: THESE TIMING NUMBERS ARE ONLY A SYNTHESIS ESTIMATE.
      FOR ACCURATE TIMING INFORMATION PLEASE REFER TO THE TRACE REPORT
      GENERATED AFTER PLACE-and-ROUTE.

Clock Information:
------------------
No clock signals found in this design

Asynchronous Control Signals Information:
----------------------------------------
No asynchronous control signals found in this design

Timing Summary:
---------------
Speed Grade: -4

   Minimum period: No path found
   Minimum input arrival time before clock: No path found
   Maximum output required time after clock: No path found
   Maximum combinational path delay: 15.335ns

Timing Detail:
--------------
All values displayed in nanoseconds (ns)

=========================================================================
Timing constraint: Default path analysis
  Total number of paths / destination ports: 1063 / 10
-------------------------------------------------------------------------
Delay:               15.335ns (Levels of Logic = 10)
  Source:            DatoIN<6> (PAD)
  Destination:       DatoOut<5> (PAD)

  Data Path: DatoIN<6> to DatoOut<5>
                                Gate     Net
    Cell:in->out      fanout   Delay   Delay  Logical Name (Net Name)
    ----------------------------------------  ------------
     IBUF:I->O             9   1.218   0.995  DatoIN_6_IBUF (DatoIN_6_IBUF)
     LUT4:I0->O            5   0.704   0.712  z_11_mux00011 (z_11_mux0001)
     LUT4:I1->O            6   0.704   0.844  z_11_mux000211 (N7)
     LUT3:I0->O            4   0.704   0.591  z_9_mux000311 (N4)
     LUT4:I3->O            3   0.704   0.706  z_11_mux00031 (Madd_z_15_12_add0001_cy<0>)
     LUT4:I0->O            2   0.704   0.622  Madd_z_15_12_add0001_cy<1>11 (Madd_z_15_12_add0001_cy<1>)
     LUT3:I0->O            1   0.704   0.000  z_15_mux000136_G (N30)
     MUXF5:I1->O           3   0.321   0.706  z_15_mux000136 (DatoOut_8_OBUF)
     LUT2:I0->O            1   0.704   0.420  z_12_mux00011 (DatoOut_5_OBUF)
     OBUF:I->O                 3.272          DatoOut_5_OBUF (DatoOut<5>)
    ----------------------------------------
    Total                     15.335ns (9.739ns logic, 5.596ns route)
                                       (63.5% logic, 36.5% route)

=========================================================================


Total REAL time to Xst completion: 9.00 secs
Total CPU time to Xst completion: 9.03 secs
 
--> 

Total memory usage is 197768 kilobytes

Number of errors   :    0 (   0 filtered)
Number of warnings :    0 (   0 filtered)
Number of infos    :    0 (   0 filtered)

