--------------------------------------------------------------------------------
Release 13.4 Trace  (nt)
Copyright (c) 1995-2011 Xilinx, Inc.  All rights reserved.

C:\Xilinx\13.4\ISE_DS\ISE\bin\nt\unwrapped\trce.exe -intstyle ise -v 3 -s 5 -n
3 -fastpaths -xml SumaParalela.twx SumaParalela.ncd -o SumaParalela.twr
SumaParalela.pcf -ucf pines.ucf

Design file:              SumaParalela.ncd
Physical constraint file: SumaParalela.pcf
Device,package,speed:     xc3s100e,cp132,-5 (PRODUCTION 1.27 2012-01-07)
Report level:             verbose report

Environment Variable      Effect 
--------------------      ------ 
NONE                      No environment variables were set
--------------------------------------------------------------------------------

INFO:Timing:2698 - No timing constraints found, doing default enumeration.
INFO:Timing:3412 - To improve timing, see the Timing Closure User Guide (UG612).
INFO:Timing:2752 - To get complete path coverage, use the unconstrained paths 
   option. All paths that are not constrained will be reported in the 
   unconstrained paths section(s) of the report.
INFO:Timing:3339 - The clock-to-out numbers in this timing report are based on 
   a 50 Ohm transmission line loading model.  For the details of this model, 
   and for more information on accounting for different loading conditions, 
   please see the device datasheet.
INFO:Timing:3390 - This architecture does not support a default System Jitter 
   value, please add SYSTEM_JITTER constraint to the UCF to modify the Clock 
   Uncertainty calculation.
INFO:Timing:3389 - This architecture does not support 'Discrete Jitter' and 
   'Phase Error' calculations, these terms will be zero in the Clock 
   Uncertainty calculation.  Please make appropriate modification to 
   SYSTEM_JITTER to account for the unsupported Discrete Jitter and Phase 
   Error.



Data Sheet report:
-----------------
All values displayed in nanoseconds (ns)

Pad to Pad
---------------+---------------+---------+
Source Pad     |Destination Pad|  Delay  |
---------------+---------------+---------+
Cin            |Suma<0>        |    7.541|
Cin            |Suma<1>        |    8.709|
Cin            |Suma<2>        |    9.507|
Cin            |Suma<3>        |   10.449|
Cin            |Suma<4>        |   10.140|
DatoA<0>       |Suma<0>        |    6.995|
DatoA<0>       |Suma<1>        |    8.580|
DatoA<0>       |Suma<2>        |    9.378|
DatoA<0>       |Suma<3>        |   10.320|
DatoA<0>       |Suma<4>        |   10.011|
DatoA<1>       |Suma<1>        |    8.398|
DatoA<1>       |Suma<2>        |    9.189|
DatoA<1>       |Suma<3>        |   10.131|
DatoA<1>       |Suma<4>        |    9.822|
DatoA<2>       |Suma<2>        |    6.699|
DatoA<2>       |Suma<3>        |    7.593|
DatoA<2>       |Suma<4>        |    7.284|
DatoA<3>       |Suma<3>        |    7.402|
DatoA<3>       |Suma<4>        |    7.814|
DatoB<0>       |Suma<0>        |    6.915|
DatoB<0>       |Suma<1>        |    8.390|
DatoB<0>       |Suma<2>        |    9.188|
DatoB<0>       |Suma<3>        |   10.130|
DatoB<0>       |Suma<4>        |    9.821|
DatoB<1>       |Suma<1>        |    7.728|
DatoB<1>       |Suma<2>        |    8.587|
DatoB<1>       |Suma<3>        |    9.529|
DatoB<1>       |Suma<4>        |    9.220|
DatoB<2>       |Suma<2>        |    6.807|
DatoB<2>       |Suma<3>        |    7.606|
DatoB<2>       |Suma<4>        |    7.297|
DatoB<3>       |Suma<3>        |    7.269|
DatoB<3>       |Suma<4>        |    7.520|
---------------+---------------+---------+


Analysis completed Tue Mar 10 12:16:20 2020 
--------------------------------------------------------------------------------

Trace Settings:
-------------------------
Trace Settings 

Peak Memory Usage: 123 MB



