Release 13.4 - xst O.87xd (nt)
Copyright (c) 1995-2011 Xilinx, Inc.  All rights reserved.
--> Parameter TMPDIR set to xst/projnav.tmp


Total REAL time to Xst completion: 0.00 secs
Total CPU time to Xst completion: 0.17 secs
 
--> Parameter xsthdpdir set to xst


Total REAL time to Xst completion: 0.00 secs
Total CPU time to Xst completion: 0.17 secs
 
--> Reading design: Bus_dato.prj

TABLE OF CONTENTS
  1) Synthesis Options Summary
  2) HDL Compilation
  3) Design Hierarchy Analysis
  4) HDL Analysis
  5) HDL Synthesis
     5.1) HDL Synthesis Report
  6) Advanced HDL Synthesis
     6.1) Advanced HDL Synthesis Report
  7) Low Level Synthesis
  8) Partition Report
  9) Final Report
	9.1) Device utilization summary
	9.2) Partition Resource Summary
	9.3) TIMING REPORT


=========================================================================
*                      Synthesis Options Summary                        *
=========================================================================
---- Source Parameters
Input File Name                    : "Bus_dato.prj"
Input Format                       : mixed
Ignore Synthesis Constraint File   : NO

---- Target Parameters
Output File Name                   : "Bus_dato"
Output Format                      : NGC
Target Device                      : xc3s100e-5-cp132

---- Source Options
Top Module Name                    : Bus_dato
Automatic FSM Extraction           : YES
FSM Encoding Algorithm             : Auto
Safe Implementation                : No
FSM Style                          : LUT
RAM Extraction                     : Yes
RAM Style                          : Auto
ROM Extraction                     : Yes
Mux Style                          : Auto
Decoder Extraction                 : YES
Priority Encoder Extraction        : Yes
Shift Register Extraction          : YES
Logical Shifter Extraction         : YES
XOR Collapsing                     : YES
ROM Style                          : Auto
Mux Extraction                     : Yes
Resource Sharing                   : YES
Asynchronous To Synchronous        : NO
Multiplier Style                   : Auto
Automatic Register Balancing       : No

---- Target Options
Add IO Buffers                     : YES
Global Maximum Fanout              : 500
Add Generic Clock Buffer(BUFG)     : 24
Register Duplication               : YES
Slice Packing                      : YES
Optimize Instantiated Primitives   : NO
Use Clock Enable                   : Yes
Use Synchronous Set                : Yes
Use Synchronous Reset              : Yes
Pack IO Registers into IOBs        : Auto
Equivalent register Removal        : YES

---- General Options
Optimization Goal                  : Speed
Optimization Effort                : 1
Keep Hierarchy                     : No
Netlist Hierarchy                  : As_Optimized
RTL Output                         : Yes
Global Optimization                : AllClockNets
Read Cores                         : YES
Write Timing Constraints           : NO
Cross Clock Analysis               : NO
Hierarchy Separator                : /
Bus Delimiter                      : <>
Case Specifier                     : Maintain
Slice Utilization Ratio            : 100
BRAM Utilization Ratio             : 100
Verilog 2001                       : YES
Auto BRAM Packing                  : NO
Slice Utilization Ratio Delta      : 5

=========================================================================


=========================================================================
*                          HDL Compilation                              *
=========================================================================
Compiling vhdl file "//vboxsrv/(00)codigos_vhdl_basys2/BloquesCombinacionales/Bus_datos/Mux_dato.vhd" in Library work.
Entity <Mux_dato> compiled.
Entity <Mux_dato> (Architecture <Behavioral>) compiled.
Compiling vhdl file "//vboxsrv/(00)codigos_vhdl_basys2/BloquesCombinacionales/Bus_datos/Display.vhd" in Library work.
Entity <Display> compiled.
Entity <Display> (Architecture <Behavioral>) compiled.
Compiling vhdl file "//vboxsrv/(00)codigos_vhdl_basys2/BloquesCombinacionales/Bus_datos/Mux_anodos.vhd" in Library work.
Entity <Mux_anodos> compiled.
Entity <Mux_anodos> (Architecture <Behavioral>) compiled.
Compiling vhdl file "//vboxsrv/(00)codigos_vhdl_basys2/BloquesCombinacionales/Bus_datos/Bus_dato.vhd" in Library work.
Entity <Bus_dato> compiled.
Entity <Bus_dato> (Architecture <Behavioral>) compiled.

=========================================================================
*                     Design Hierarchy Analysis                         *
=========================================================================
Analyzing hierarchy for entity <Bus_dato> in library <work> (architecture <Behavioral>).

Analyzing hierarchy for entity <Mux_dato> in library <work> (architecture <Behavioral>).

Analyzing hierarchy for entity <Display> in library <work> (architecture <Behavioral>).

Analyzing hierarchy for entity <Mux_anodos> in library <work> (architecture <Behavioral>).


=========================================================================
*                            HDL Analysis                               *
=========================================================================
Analyzing Entity <Bus_dato> in library <work> (Architecture <Behavioral>).
Entity <Bus_dato> analyzed. Unit <Bus_dato> generated.

Analyzing Entity <Mux_dato> in library <work> (Architecture <Behavioral>).
Entity <Mux_dato> analyzed. Unit <Mux_dato> generated.

Analyzing Entity <Display> in library <work> (Architecture <Behavioral>).
INFO:Xst:1561 - "//vboxsrv/(00)codigos_vhdl_basys2/BloquesCombinacionales/Bus_datos/Display.vhd" line 30: Mux is complete : default of case is discarded
Entity <Display> analyzed. Unit <Display> generated.

Analyzing Entity <Mux_anodos> in library <work> (Architecture <Behavioral>).
Entity <Mux_anodos> analyzed. Unit <Mux_anodos> generated.


=========================================================================
*                           HDL Synthesis                               *
=========================================================================

Performing bidirectional port resolution...

Synthesizing Unit <Mux_dato>.
    Related source file is "//vboxsrv/(00)codigos_vhdl_basys2/BloquesCombinacionales/Bus_datos/Mux_dato.vhd".
Unit <Mux_dato> synthesized.


Synthesizing Unit <Display>.
    Related source file is "//vboxsrv/(00)codigos_vhdl_basys2/BloquesCombinacionales/Bus_datos/Display.vhd".
    Found 16x7-bit ROM for signal <segmento>.
    Summary:
	inferred   1 ROM(s).
Unit <Display> synthesized.


Synthesizing Unit <Mux_anodos>.
    Related source file is "//vboxsrv/(00)codigos_vhdl_basys2/BloquesCombinacionales/Bus_datos/Mux_anodos.vhd".
    Found 1-of-4 decoder for signal <anodos>.
    Summary:
	inferred   1 Decoder(s).
Unit <Mux_anodos> synthesized.


Synthesizing Unit <Bus_dato>.
    Related source file is "//vboxsrv/(00)codigos_vhdl_basys2/BloquesCombinacionales/Bus_datos/Bus_dato.vhd".
Unit <Bus_dato> synthesized.


=========================================================================
HDL Synthesis Report

Macro Statistics
# ROMs                                                 : 1
 16x7-bit ROM                                          : 1
# Decoders                                             : 1
 1-of-4 decoder                                        : 1

=========================================================================

=========================================================================
*                       Advanced HDL Synthesis                          *
=========================================================================


=========================================================================
Advanced HDL Synthesis Report

Macro Statistics
# ROMs                                                 : 1
 16x7-bit ROM                                          : 1
# Decoders                                             : 1
 1-of-4 decoder                                        : 1

=========================================================================

=========================================================================
*                         Low Level Synthesis                           *
=========================================================================

Optimizing unit <Bus_dato> ...

Mapping all equations...
Building and optimizing final netlist ...
Found area constraint ratio of 100 (+ 5) on block Bus_dato, actual ratio is 0.

Final Macro Processing ...

=========================================================================
Final Register Report

Found no macro
=========================================================================

=========================================================================
*                           Partition Report                            *
=========================================================================

Partition Implementation Status
-------------------------------

  No Partitions were found in this design.

-------------------------------

=========================================================================
*                            Final Report                               *
=========================================================================
Final Results
RTL Top Level Output File Name     : Bus_dato.ngr
Top Level Output File Name         : Bus_dato
Output Format                      : NGC
Optimization Goal                  : Speed
Keep Hierarchy                     : No

Design Statistics
# IOs                              : 22

Cell Usage :
# BELS                             : 15
#      LUT2                        : 4
#      LUT3                        : 4
#      LUT4                        : 7
# IO Buffers                       : 22
#      IBUF                        : 11
#      OBUF                        : 11
=========================================================================

Device utilization summary:
---------------------------

Selected Device : 3s100ecp132-5 

 Number of Slices:                        9  out of    960     0%  
 Number of 4 input LUTs:                 15  out of   1920     0%  
 Number of IOs:                          22
 Number of bonded IOBs:                  22  out of     83    26%  

---------------------------
Partition Resource Summary:
---------------------------

  No Partitions were found in this design.

---------------------------


=========================================================================
TIMING REPORT

NOTE: THESE TIMING NUMBERS ARE ONLY A SYNTHESIS ESTIMATE.
      FOR ACCURATE TIMING INFORMATION PLEASE REFER TO THE TRACE REPORT
      GENERATED AFTER PLACE-and-ROUTE.

Clock Information:
------------------
No clock signals found in this design

Asynchronous Control Signals Information:
----------------------------------------
No asynchronous control signals found in this design

Timing Summary:
---------------
Speed Grade: -5

   Minimum period: No path found
   Minimum input arrival time before clock: No path found
   Maximum output required time after clock: No path found
   Maximum combinational path delay: 7.261ns

Timing Detail:
--------------
All values displayed in nanoseconds (ns)

=========================================================================
Timing constraint: Default path analysis
  Total number of paths / destination ports: 92 / 11
-------------------------------------------------------------------------
Delay:               7.261ns (Levels of Logic = 4)
  Source:            Sel_dato (PAD)
  Destination:       segmento<6> (PAD)

  Data Path: Sel_dato to segmento<6>
                                Gate     Net
    Cell:in->out      fanout   Delay   Delay  Logical Name (Net Name)
    ----------------------------------------  ------------
     IBUF:I->O             4   1.106   0.651  Sel_dato_IBUF (Sel_dato_IBUF)
     LUT3:I0->O            7   0.612   0.754  u0/Fout_dato<3>1 (sg_dato<3>)
     LUT4:I0->O            1   0.612   0.357  u1/Mrom_segmento41 (segmento_4_OBUF)
     OBUF:I->O                 3.169          segmento_4_OBUF (segmento<4>)
    ----------------------------------------
    Total                      7.261ns (5.499ns logic, 1.762ns route)
                                       (75.7% logic, 24.3% route)

=========================================================================


Total REAL time to Xst completion: 10.00 secs
Total CPU time to Xst completion: 10.01 secs
 
--> 

Total memory usage is 197576 kilobytes

Number of errors   :    0 (   0 filtered)
Number of warnings :    0 (   0 filtered)
Number of infos    :    1 (   0 filtered)

