Running: C:\Xilinx\13.4\ISE_DS\ISE\bin\nt\unwrapped\fuse.exe -intstyle ise -incremental -o F:/BloquesCombinacionales/Bus_datos/tes_isim_beh.exe -prj F:/BloquesCombinacionales/Bus_datos/tes_beh.prj work.tes 
ISim O.87xd (signature 0x2f00eba5)
Number of CPUs detected in this system: 3
Turning on mult-threading, number of parallel sub-compilation jobs: 6 
Determining compilation order of HDL files
Parsing VHDL file "F:/BloquesCombinacionales/Bus_datos/Mux_dato.vhd" into library work
Parsing VHDL file "F:/BloquesCombinacionales/Bus_datos/Mux_anodos.vhd" into library work
Parsing VHDL file "F:/BloquesCombinacionales/Bus_datos/Display.vhd" into library work
Parsing VHDL file "F:/BloquesCombinacionales/Bus_datos/Bus_dato.vhd" into library work
Parsing VHDL file "F:/BloquesCombinacionales/Bus_datos/tes.vhd" into library work
Starting static elaboration
Completed static elaboration
Fuse Memory Usage: 116680 KB
Fuse CPU Usage: 281 ms
Compiling package standard
Compiling package std_logic_1164
Compiling architecture behavioral of entity Mux_dato [mux_dato_default]
Compiling architecture behavioral of entity Display [display_default]
Compiling architecture behavioral of entity Mux_anodos [mux_anodos_default]
Compiling architecture behavioral of entity Bus_dato [bus_dato_default]
Compiling architecture behavior of entity tes
Time Resolution for simulation is 1ps.
Waiting for 1 sub-compilation(s) to finish...
Compiled 11 VHDL Units
Built simulation executable F:/BloquesCombinacionales/Bus_datos/tes_isim_beh.exe
Fuse Memory Usage: 126648 KB
Fuse CPU Usage: 327 ms
