Running: C:\Xilinx\13.4\ISE_DS\ISE\bin\nt\unwrapped\fuse.exe -intstyle ise -incremental -o F:/BloquesAritmeticos/SumadorPropagacion/Tes_isim_beh.exe -prj F:/BloquesAritmeticos/SumadorPropagacion/Tes_beh.prj work.Tes 
ISim O.87xd (signature 0x2f00eba5)
Number of CPUs detected in this system: 3
Turning on mult-threading, number of parallel sub-compilation jobs: 6 
Determining compilation order of HDL files
Parsing VHDL file "F:/BloquesAritmeticos/SumadorPropagacion/carrylookahead.vhd" into library work
Parsing VHDL file "F:/BloquesAritmeticos/SumadorPropagacion/bitfulladder1.vhd" into library work
Parsing VHDL file "F:/BloquesAritmeticos/SumadorPropagacion/topadditindspeed.vhd" into library work
Parsing VHDL file "F:/BloquesAritmeticos/SumadorPropagacion/Tes.vhd" into library work
Starting static elaboration
Completed static elaboration
Fuse Memory Usage: 116680 KB
Fuse CPU Usage: 234 ms
Compiling package standard
Compiling package std_logic_1164
Compiling architecture behavioral of entity bitFullAdder1 [bitfulladder1_default]
Compiling architecture behavioral of entity CarryLookAhead [carrylookahead_default]
Compiling architecture behavioral of entity TopAdditionSpeed [topadditionspeed_default]
Compiling architecture behavior of entity tes
Time Resolution for simulation is 1ps.
Waiting for 1 sub-compilation(s) to finish...
Compiled 9 VHDL Units
Built simulation executable F:/BloquesAritmeticos/SumadorPropagacion/Tes_isim_beh.exe
Fuse Memory Usage: 126328 KB
Fuse CPU Usage: 312 ms
