Running: C:\Xilinx\13.4\ISE_DS\ISE\bin\nt\unwrapped\fuse.exe -intstyle ise -incremental -o F:/BloquesAritmeticos/SumaBCD1bit/Tes_isim_beh.exe -prj F:/BloquesAritmeticos/SumaBCD1bit/Tes_beh.prj work.Tes 
ISim O.87xd (signature 0x2f00eba5)
Number of CPUs detected in this system: 3
Turning on mult-threading, number of parallel sub-compilation jobs: 6 
Determining compilation order of HDL files
Parsing VHDL file "F:/BloquesAritmeticos/SumaBCD1bit/sumamedia1.vhd" into library work
Parsing VHDL file "F:/BloquesAritmeticos/SumaBCD1bit/sumamedia.vhd" into library work
Parsing VHDL file "F:/BloquesAritmeticos/SumaBCD1bit/sumaparalela1.vhd" into library work
Parsing VHDL file "F:/BloquesAritmeticos/SumaBCD1bit/sumaparalela.vhd" into library work
Parsing VHDL file "F:/BloquesAritmeticos/SumaBCD1bit/modulodisplay.vhd" into library work
Parsing VHDL file "F:/BloquesAritmeticos/SumaBCD1bit/control.vhd" into library work
Parsing VHDL file "F:/BloquesAritmeticos/SumaBCD1bit/sumabcd1bit.vhd" into library work
Parsing VHDL file "F:/BloquesAritmeticos/SumaBCD1bit/Tes.vhd" into library work
Starting static elaboration
Completed static elaboration
Fuse Memory Usage: 120196 KB
Fuse CPU Usage: 343 ms
Compiling package standard
Compiling package std_logic_1164
Compiling architecture behavioral of entity SumaMedia [sumamedia_default]
Compiling architecture behavioral of entity SumaParalela [sumaparalela_default]
Compiling architecture behavioral of entity control [control_default]
Compiling architecture behavioral of entity SumaMedia1 [sumamedia1_default]
Compiling architecture behavioral of entity SumaParalela1 [sumaparalela1_default]
Compiling architecture behavioral of entity ModuloDisplay [modulodisplay_default]
Compiling architecture behavioral of entity SumBCD1Bit [sumbcd1bit_default]
Compiling architecture behavior of entity tes
Time Resolution for simulation is 1ps.
Waiting for 1 sub-compilation(s) to finish...
Compiled 17 VHDL Units
Built simulation executable F:/BloquesAritmeticos/SumaBCD1bit/Tes_isim_beh.exe
Fuse Memory Usage: 130164 KB
Fuse CPU Usage: 421 ms
