Running: C:\Xilinx\13.4\ISE_DS\ISE\bin\nt\unwrapped\fuse.exe -intstyle ise -incremental -o F:/BloquesAritmeticos/SumaBCD2bit/tes_isim_beh.exe -prj F:/BloquesAritmeticos/SumaBCD2bit/tes_beh.prj work.tes 
ISim O.87xd (signature 0x2f00eba5)
Number of CPUs detected in this system: 3
Turning on mult-threading, number of parallel sub-compilation jobs: 6 
Determining compilation order of HDL files
Parsing VHDL file "F:/BloquesAritmeticos/SumaBCD2bit/SumaMedia1.vhd" into library work
Parsing VHDL file "F:/BloquesAritmeticos/SumaBCD2bit/SumaMedia.vhd" into library work
Parsing VHDL file "F:/BloquesAritmeticos/SumaBCD2bit/SumaParalela1.vhd" into library work
Parsing VHDL file "F:/BloquesAritmeticos/SumaBCD2bit/SumaParalela.vhd" into library work
Parsing VHDL file "F:/BloquesAritmeticos/SumaBCD2bit/control.vhd" into library work
Parsing VHDL file "F:/BloquesAritmeticos/SumaBCD2bit/SumBCD1Bit.vhd" into library work
Parsing VHDL file "F:/BloquesAritmeticos/SumaBCD2bit/SumaBCD2bit.vhd" into library work
Parsing VHDL file "F:/BloquesAritmeticos/SumaBCD2bit/tes.vhd" into library work
Starting static elaboration
Completed static elaboration
Fuse Memory Usage: 120708 KB
Fuse CPU Usage: 328 ms
Compiling package standard
Compiling package std_logic_1164
Compiling architecture behavioral of entity SumaMedia [sumamedia_default]
Compiling architecture behavioral of entity SumaParalela [sumaparalela_default]
Compiling architecture behavioral of entity control [control_default]
Compiling architecture behavioral of entity SumaMedia1 [sumamedia1_default]
Compiling architecture behavioral of entity SumaParalela1 [sumaparalela1_default]
Compiling architecture behavioral of entity SumBCD1Bit [sumbcd1bit_default]
Compiling architecture behavioral of entity SumaBCD2bit [sumabcd2bit_default]
Compiling architecture behavior of entity tes
Time Resolution for simulation is 1ps.
Waiting for 1 sub-compilation(s) to finish...
Compiled 17 VHDL Units
Built simulation executable F:/BloquesAritmeticos/SumaBCD2bit/tes_isim_beh.exe
Fuse Memory Usage: 130676 KB
Fuse CPU Usage: 390 ms
