--------------------------------------------------------------------------------
Release 13.4 Trace  (nt)
Copyright (c) 1995-2011 Xilinx, Inc.  All rights reserved.

C:\Xilinx\13.4\ISE_DS\ISE\bin\nt\unwrapped\trce.exe -intstyle ise -v 3 -s 4 -n
3 -fastpaths -xml multiplica4x3.twx multiplica4x3.ncd -o multiplica4x3.twr
multiplica4x3.pcf -ucf pines.ucf

Design file:              multiplica4x3.ncd
Physical constraint file: multiplica4x3.pcf
Device,package,speed:     xc3s100e,cp132,-4 (PRODUCTION 1.27 2012-01-07)
Report level:             verbose report

Environment Variable      Effect 
--------------------      ------ 
NONE                      No environment variables were set
--------------------------------------------------------------------------------

INFO:Timing:2698 - No timing constraints found, doing default enumeration.
INFO:Timing:3412 - To improve timing, see the Timing Closure User Guide (UG612).
INFO:Timing:2752 - To get complete path coverage, use the unconstrained paths 
   option. All paths that are not constrained will be reported in the 
   unconstrained paths section(s) of the report.
INFO:Timing:3339 - The clock-to-out numbers in this timing report are based on 
   a 50 Ohm transmission line loading model.  For the details of this model, 
   and for more information on accounting for different loading conditions, 
   please see the device datasheet.
INFO:Timing:3390 - This architecture does not support a default System Jitter 
   value, please add SYSTEM_JITTER constraint to the UCF to modify the Clock 
   Uncertainty calculation.
INFO:Timing:3389 - This architecture does not support 'Discrete Jitter' and 
   'Phase Error' calculations, these terms will be zero in the Clock 
   Uncertainty calculation.  Please make appropriate modification to 
   SYSTEM_JITTER to account for the unsupported Discrete Jitter and Phase 
   Error.



Data Sheet report:
-----------------
All values displayed in nanoseconds (ns)

Pad to Pad
---------------+---------------+---------+
Source Pad     |Destination Pad|  Delay  |
---------------+---------------+---------+
DatA<0>        |Multi<0>       |    7.848|
DatA<0>        |Multi<1>       |    8.490|
DatA<0>        |Multi<2>       |   10.081|
DatA<0>        |Multi<3>       |   12.213|
DatA<0>        |Multi<4>       |   14.549|
DatA<0>        |Multi<5>       |   16.177|
DatA<0>        |Multi<6>       |   16.305|
DatA<0>        |Multi<7>       |   15.899|
DatA<1>        |Multi<1>       |    8.617|
DatA<1>        |Multi<2>       |   11.298|
DatA<1>        |Multi<3>       |   12.849|
DatA<1>        |Multi<4>       |   15.469|
DatA<1>        |Multi<5>       |   17.097|
DatA<1>        |Multi<6>       |   17.225|
DatA<1>        |Multi<7>       |   16.819|
DatA<2>        |Multi<2>       |    9.224|
DatA<2>        |Multi<3>       |   11.315|
DatA<2>        |Multi<4>       |   13.651|
DatA<2>        |Multi<5>       |   15.279|
DatA<2>        |Multi<6>       |   15.407|
DatA<2>        |Multi<7>       |   15.001|
DatA<3>        |Multi<3>       |   12.126|
DatA<3>        |Multi<4>       |   14.462|
DatA<3>        |Multi<5>       |   16.090|
DatA<3>        |Multi<6>       |   16.218|
DatA<3>        |Multi<7>       |   15.812|
DatB<0>        |Multi<0>       |    8.202|
DatB<0>        |Multi<1>       |    8.134|
DatB<0>        |Multi<2>       |    9.732|
DatB<0>        |Multi<3>       |   11.864|
DatB<0>        |Multi<4>       |   14.200|
DatB<0>        |Multi<5>       |   15.828|
DatB<0>        |Multi<6>       |   15.956|
DatB<0>        |Multi<7>       |   15.550|
DatB<1>        |Multi<1>       |    8.483|
DatB<1>        |Multi<2>       |   10.328|
DatB<1>        |Multi<3>       |   12.271|
DatB<1>        |Multi<4>       |   14.607|
DatB<1>        |Multi<5>       |   16.235|
DatB<1>        |Multi<6>       |   16.363|
DatB<1>        |Multi<7>       |   15.957|
DatB<2>        |Multi<2>       |    8.139|
DatB<2>        |Multi<3>       |   10.427|
DatB<2>        |Multi<4>       |   13.047|
DatB<2>        |Multi<5>       |   14.675|
DatB<2>        |Multi<6>       |   14.803|
DatB<2>        |Multi<7>       |   14.397|
DatB<3>        |Multi<3>       |    8.923|
DatB<3>        |Multi<4>       |   10.937|
DatB<3>        |Multi<5>       |   12.565|
DatB<3>        |Multi<6>       |   12.693|
DatB<3>        |Multi<7>       |   12.287|
---------------+---------------+---------+


Analysis completed Tue Mar 10 13:21:35 2020 
--------------------------------------------------------------------------------

Trace Settings:
-------------------------
Trace Settings 

Peak Memory Usage: 124 MB



