Running: C:\Xilinx\13.4\ISE_DS\ISE\bin\nt\unwrapped\fuse.exe -intstyle ise -incremental -o F:/BloquesAritmeticos/SumadorRestador/Tes_isim_beh.exe -prj F:/BloquesAritmeticos/SumadorRestador/Tes_beh.prj work.Tes 
ISim O.87xd (signature 0x2f00eba5)
Number of CPUs detected in this system: 3
Turning on mult-threading, number of parallel sub-compilation jobs: 6 
Determining compilation order of HDL files
Parsing VHDL file "F:/BloquesAritmeticos/SumadorRestador/sumamedia.vhd" into library work
Parsing VHDL file "F:/BloquesAritmeticos/SumadorRestador/icxor.vhd" into library work
Parsing VHDL file "F:/BloquesAritmeticos/SumadorRestador/sumadorn.vhd" into library work
Parsing VHDL file "F:/BloquesAritmeticos/SumadorRestador/presenta.vhd" into library work
Parsing VHDL file "F:/BloquesAritmeticos/SumadorRestador/complemento.vhd" into library work
Parsing VHDL file "F:/BloquesAritmeticos/SumadorRestador/sumadorestador.vhd" into library work
Parsing VHDL file "F:/BloquesAritmeticos/SumadorRestador/Tes.vhd" into library work
Starting static elaboration
Completed static elaboration
Fuse Memory Usage: 121028 KB
Fuse CPU Usage: 343 ms
Compiling package standard
Compiling package std_logic_1164
Compiling package std_logic_arith
Compiling package std_logic_signed
Compiling architecture behavioral of entity Icxor [icxor_default]
Compiling architecture behavioral of entity complemento [complemento_default]
Compiling architecture behavioral of entity SumaMedia [sumamedia_default]
Compiling architecture behavioral of entity SumadorN [sumadorn_default]
Compiling architecture behavioral of entity presenta [presenta_default]
Compiling architecture behavioral of entity SumadoRestador [sumadorestador_default]
Compiling architecture behavior of entity tes
Time Resolution for simulation is 1ps.
Waiting for 1 sub-compilation(s) to finish...
Compiled 17 VHDL Units
Built simulation executable F:/BloquesAritmeticos/SumadorRestador/Tes_isim_beh.exe
Fuse Memory Usage: 137076 KB
Fuse CPU Usage: 546 ms
