--------------------------------------------------------------------------------
Release 13.4 Trace  (nt)
Copyright (c) 1995-2011 Xilinx, Inc.  All rights reserved.

C:\Xilinx\13.4\ISE_DS\ISE\bin\nt\unwrapped\trce.exe -intstyle ise -v 3 -s 4 -n
3 -fastpaths -xml SumadoRestador.twx SumadoRestador.ncd -o SumadoRestador.twr
SumadoRestador.pcf -ucf pines.ucf

Design file:              SumadoRestador.ncd
Physical constraint file: SumadoRestador.pcf
Device,package,speed:     xc3s100e,cp132,-4 (PRODUCTION 1.27 2012-01-07)
Report level:             verbose report

Environment Variable      Effect 
--------------------      ------ 
NONE                      No environment variables were set
--------------------------------------------------------------------------------

INFO:Timing:2698 - No timing constraints found, doing default enumeration.
INFO:Timing:3412 - To improve timing, see the Timing Closure User Guide (UG612).
INFO:Timing:2752 - To get complete path coverage, use the unconstrained paths 
   option. All paths that are not constrained will be reported in the 
   unconstrained paths section(s) of the report.
INFO:Timing:3339 - The clock-to-out numbers in this timing report are based on 
   a 50 Ohm transmission line loading model.  For the details of this model, 
   and for more information on accounting for different loading conditions, 
   please see the device datasheet.
INFO:Timing:3390 - This architecture does not support a default System Jitter 
   value, please add SYSTEM_JITTER constraint to the UCF to modify the Clock 
   Uncertainty calculation.
INFO:Timing:3389 - This architecture does not support 'Discrete Jitter' and 
   'Phase Error' calculations, these terms will be zero in the Clock 
   Uncertainty calculation.  Please make appropriate modification to 
   SYSTEM_JITTER to account for the unsupported Discrete Jitter and Phase 
   Error.



Data Sheet report:
-----------------
All values displayed in nanoseconds (ns)

Pad to Pad
---------------+---------------+---------+
Source Pad     |Destination Pad|  Delay  |
---------------+---------------+---------+
DatA<0>        |Respuesta<0>   |    7.509|
DatA<0>        |Respuesta<1>   |    9.995|
DatA<0>        |Respuesta<2>   |   10.763|
DatA<0>        |Respuesta<3>   |   11.412|
DatA<0>        |Respuesta<4>   |   11.418|
DatA<0>        |Respuesta<5>   |   11.192|
DatA<1>        |Respuesta<1>   |    8.346|
DatA<1>        |Respuesta<2>   |    9.215|
DatA<1>        |Respuesta<3>   |    9.864|
DatA<1>        |Respuesta<4>   |    9.870|
DatA<1>        |Respuesta<5>   |    9.644|
DatA<2>        |Respuesta<2>   |    8.150|
DatA<2>        |Respuesta<3>   |    8.670|
DatA<2>        |Respuesta<4>   |    8.676|
DatA<2>        |Respuesta<5>   |    8.450|
DatA<3>        |Respuesta<3>   |    8.004|
DatA<3>        |Respuesta<4>   |    7.972|
DatA<3>        |Respuesta<5>   |    8.873|
DatB<0>        |Respuesta<0>   |    8.560|
DatB<0>        |Respuesta<1>   |    8.794|
DatB<0>        |Respuesta<2>   |    9.562|
DatB<0>        |Respuesta<3>   |   10.211|
DatB<0>        |Respuesta<4>   |   10.217|
DatB<0>        |Respuesta<5>   |    9.991|
DatB<1>        |Respuesta<1>   |    7.993|
DatB<1>        |Respuesta<2>   |    8.959|
DatB<1>        |Respuesta<3>   |    9.608|
DatB<1>        |Respuesta<4>   |    9.614|
DatB<1>        |Respuesta<5>   |    9.388|
DatB<2>        |Respuesta<2>   |    8.192|
DatB<2>        |Respuesta<3>   |    9.416|
DatB<2>        |Respuesta<4>   |    9.422|
DatB<2>        |Respuesta<5>   |    9.196|
DatB<3>        |Respuesta<3>   |    8.524|
DatB<3>        |Respuesta<4>   |    8.557|
DatB<3>        |Respuesta<5>   |    8.998|
Selec          |Respuesta<1>   |   10.204|
Selec          |Respuesta<2>   |   10.972|
Selec          |Respuesta<3>   |   11.621|
Selec          |Respuesta<4>   |   11.627|
Selec          |Respuesta<5>   |   11.401|
---------------+---------------+---------+


Analysis completed Wed Feb 05 04:25:52 2020 
--------------------------------------------------------------------------------

Trace Settings:
-------------------------
Trace Settings 

Peak Memory Usage: 120 MB



