--------------------------------------------------------------------------------
Release 13.4 Trace  (nt)
Copyright (c) 1995-2011 Xilinx, Inc.  All rights reserved.

C:\Xilinx\13.4\ISE_DS\ISE\bin\nt\unwrapped\trce.exe -intstyle ise -v 3 -s 5 -n
3 -fastpaths -xml codigeneric.twx codigeneric.ncd -o codigeneric.twr
codigeneric.pcf -ucf pines.ucf

Design file:              codigeneric.ncd
Physical constraint file: codigeneric.pcf
Device,package,speed:     xc3s100e,cp132,-5 (PRODUCTION 1.27 2012-01-07)
Report level:             verbose report

Environment Variable      Effect 
--------------------      ------ 
NONE                      No environment variables were set
--------------------------------------------------------------------------------

INFO:Timing:2698 - No timing constraints found, doing default enumeration.
INFO:Timing:3412 - To improve timing, see the Timing Closure User Guide (UG612).
INFO:Timing:2752 - To get complete path coverage, use the unconstrained paths 
   option. All paths that are not constrained will be reported in the 
   unconstrained paths section(s) of the report.
INFO:Timing:3339 - The clock-to-out numbers in this timing report are based on 
   a 50 Ohm transmission line loading model.  For the details of this model, 
   and for more information on accounting for different loading conditions, 
   please see the device datasheet.
INFO:Timing:3390 - This architecture does not support a default System Jitter 
   value, please add SYSTEM_JITTER constraint to the UCF to modify the Clock 
   Uncertainty calculation.
INFO:Timing:3389 - This architecture does not support 'Discrete Jitter' and 
   'Phase Error' calculations, these terms will be zero in the Clock 
   Uncertainty calculation.  Please make appropriate modification to 
   SYSTEM_JITTER to account for the unsupported Discrete Jitter and Phase 
   Error.



Data Sheet report:
-----------------
All values displayed in nanoseconds (ns)

Pad to Pad
---------------+---------------+---------+
Source Pad     |Destination Pad|  Delay  |
---------------+---------------+---------+
entrada<0>     |valido         |    7.875|
entrada<1>     |salida<0>      |    8.664|
entrada<1>     |valido         |    7.275|
entrada<2>     |salida<0>      |    8.961|
entrada<2>     |salida<1>      |    7.753|
entrada<2>     |valido         |    7.362|
entrada<3>     |salida<0>      |    9.253|
entrada<3>     |salida<1>      |    8.237|
entrada<3>     |valido         |    7.559|
entrada<4>     |salida<0>      |    8.242|
entrada<4>     |salida<1>      |    7.589|
entrada<4>     |salida<2>      |    6.969|
entrada<4>     |valido         |    8.266|
entrada<5>     |salida<0>      |    7.626|
entrada<5>     |salida<1>      |    7.326|
entrada<5>     |salida<2>      |    7.227|
entrada<5>     |valido         |    8.524|
entrada<6>     |salida<0>      |    8.138|
entrada<6>     |salida<1>      |    7.675|
entrada<6>     |salida<2>      |    7.369|
entrada<6>     |valido         |    8.666|
entrada<7>     |salida<0>      |    8.047|
entrada<7>     |salida<1>      |    8.142|
entrada<7>     |salida<2>      |    7.345|
entrada<7>     |valido         |    8.642|
---------------+---------------+---------+


Analysis completed Fri Jan 17 10:11:00 2020 
--------------------------------------------------------------------------------

Trace Settings:
-------------------------
Trace Settings 

Peak Memory Usage: 120 MB



