Running: C:\Xilinx\13.4\ISE_DS\ISE\bin\nt\unwrapped\fuse.exe -intstyle ise -incremental -o F:/BloquesCombinacionales/Codigeneric/tes_isim_beh.exe -prj F:/BloquesCombinacionales/Codigeneric/tes_beh.prj work.tes 
ISim O.87xd (signature 0x2f00eba5)
Number of CPUs detected in this system: 3
Turning on mult-threading, number of parallel sub-compilation jobs: 6 
Determining compilation order of HDL files
Parsing VHDL file "F:/BloquesCombinacionales/Codigeneric/codigeneric.vhd" into library work
Parsing VHDL file "F:/BloquesCombinacionales/Codigeneric/tes.vhd" into library work
Starting static elaboration
Completed static elaboration
Fuse Memory Usage: 116552 KB
Fuse CPU Usage: 280 ms
Compiling package standard
Compiling package std_logic_1164
Compiling package std_logic_arith
Compiling architecture behavioral of entity codigeneric [\codigeneric(3)\]
Compiling architecture behavior of entity tes
Time Resolution for simulation is 1ps.
Waiting for 1 sub-compilation(s) to finish...
Compiled 6 VHDL Units
Built simulation executable F:/BloquesCombinacionales/Codigeneric/tes_isim_beh.exe
Fuse Memory Usage: 130424 KB
Fuse CPU Usage: 358 ms
