--------------------------------------------------------------------------------
Release 13.4 Trace  (nt)
Copyright (c) 1995-2011 Xilinx, Inc.  All rights reserved.

C:\Xilinx\13.4\ISE_DS\ISE\bin\nt\unwrapped\trce.exe -intstyle ise -v 3 -s 4 -n
3 -fastpaths -xml camparageneric.twx camparageneric.ncd -o camparageneric.twr
camparageneric.pcf -ucf pines.ucf

Design file:              camparageneric.ncd
Physical constraint file: camparageneric.pcf
Device,package,speed:     xc3s100e,cp132,-4 (PRODUCTION 1.27 2012-01-07)
Report level:             verbose report

Environment Variable      Effect 
--------------------      ------ 
NONE                      No environment variables were set
--------------------------------------------------------------------------------

INFO:Timing:2698 - No timing constraints found, doing default enumeration.
INFO:Timing:3412 - To improve timing, see the Timing Closure User Guide (UG612).
INFO:Timing:2752 - To get complete path coverage, use the unconstrained paths 
   option. All paths that are not constrained will be reported in the 
   unconstrained paths section(s) of the report.
INFO:Timing:3339 - The clock-to-out numbers in this timing report are based on 
   a 50 Ohm transmission line loading model.  For the details of this model, 
   and for more information on accounting for different loading conditions, 
   please see the device datasheet.
INFO:Timing:3390 - This architecture does not support a default System Jitter 
   value, please add SYSTEM_JITTER constraint to the UCF to modify the Clock 
   Uncertainty calculation.
INFO:Timing:3389 - This architecture does not support 'Discrete Jitter' and 
   'Phase Error' calculations, these terms will be zero in the Clock 
   Uncertainty calculation.  Please make appropriate modification to 
   SYSTEM_JITTER to account for the unsupported Discrete Jitter and Phase 
   Error.



Data Sheet report:
-----------------
All values displayed in nanoseconds (ns)

Pad to Pad
---------------+---------------+---------+
Source Pad     |Destination Pad|  Delay  |
---------------+---------------+---------+
a<0>           |salidaigual    |    9.204|
a<0>           |salidamayor    |   10.049|
a<0>           |salidamenor    |    9.418|
a<1>           |salidaigual    |    9.372|
a<1>           |salidamayor    |    9.320|
a<1>           |salidamenor    |    8.654|
a<2>           |salidaigual    |    8.624|
a<2>           |salidamayor    |    7.982|
a<2>           |salidamenor    |    7.403|
a<3>           |salidaigual    |    9.646|
a<3>           |salidamayor    |    9.088|
a<3>           |salidamenor    |    9.348|
b<0>           |salidaigual    |    9.741|
b<0>           |salidamayor    |    9.708|
b<0>           |salidamenor    |    9.082|
b<1>           |salidaigual    |    9.975|
b<1>           |salidamayor    |    9.409|
b<1>           |salidamenor    |    8.718|
b<2>           |salidaigual    |    9.193|
b<2>           |salidamayor    |    8.050|
b<2>           |salidamenor    |    9.415|
b<3>           |salidaigual    |    9.189|
b<3>           |salidamayor    |    8.328|
b<3>           |salidamenor    |    8.859|
---------------+---------------+---------+


Analysis completed Fri Jan 17 11:13:42 2020 
--------------------------------------------------------------------------------

Trace Settings:
-------------------------
Trace Settings 

Peak Memory Usage: 120 MB



